# JRE version: OpenJDK Runtime Environment Temurin-21.0.10+7 (21.0.10+7) (build 21.0.10+7-LTS)
# Java VM: OpenJDK 64-Bit Server VM Temurin-21.0.10+7 (21.0.10+7-LTS, mixed mode, sharing, tiered, compressed oops, compressed class ptrs, parallel gc, windows-amd64)
GC Precious Log:
 CardTable entry size: 512
 CPUs: 4 total, 4 available
 Memory: 7932M
 Large Page Support: Disabled
 NUMA Support: Disabled
 Compressed Oops: Enabled (32-bit)
 Alignments: Space 512K, Generation 512K, Heap 2M
 Heap Min Capacity: 100M
 Heap Initial Capacity: 100M
 Heap Max Capacity: 2G
 Pre-touch: Disabled
 Parallel Workers: 4
Heap:
 PSYoungGen      total 11776K, used 1331K [0x00000000d5580000, 0x00000000d6300000, 0x0000000100000000)
  eden space 11264K, 10% used [0x00000000d5580000,0x00000000d56acd90,0x00000000d6080000)
  from space 512K, 25% used [0x00000000d6200000,0x00000000d6220000,0x00000000d6280000)
  to   space 512K, 0% used [0x00000000d6280000,0x00000000d6280000,0x00000000d6300000)
 ParOldGen       total 823296K, used 823122K [0x0000000080000000, 0x00000000b2400000, 0x00000000d5580000)
  object space 823296K, 99% used [0x0000000080000000,0x00000000b23d4948,0x00000000b2400000)
 Metaspace       used 97612K, committed 99264K, reserved 1179648K
  class space    used 9653K, committed 10432K, reserved 1048576K
GC Heap History (20 events):
Event: 67035.915 GC heap before
{Heap before GC invocations=11265 (full 11):
 PSYoungGen      total 11776K, used 11776K [0x00000000d5580000, 0x00000000d6300000, 0x0000000100000000)
  eden space 11264K, 100% used [0x00000000d5580000,0x00000000d6080000,0x00000000d6080000)
  from space 512K, 100% used [0x00000000d6200000,0x00000000d6280000,0x00000000d6280000)
  to   space 512K, 0% used [0x00000000d6280000,0x00000000d6280000,0x00000000d6300000)
 ParOldGen       total 821248K, used 820988K [0x0000000080000000, 0x00000000b2200000, 0x00000000d5580000)
  object space 821248K, 99% used [0x0000000080000000,0x00000000b21bf238,0x00000000b2200000)
 Metaspace       used 97610K, committed 99264K, reserved 1179648K
  class space    used 9653K, committed 10432K, reserved 1048576K
}
Event: 67035.917 GC heap after
{Heap after GC invocations=11265 (full 11):
 PSYoungGen      total 11776K, used 352K [0x00000000d5580000, 0x00000000d6300000, 0x0000000100000000)
  eden space 11264K, 0% used [0x00000000d5580000,0x00000000d5580000,0x00000000d6080000)
  from space 512K, 68% used [0x00000000d6280000,0x00000000d62d8000,0x00000000d6300000)
  to   space 512K, 0% used [0x00000000d6200000,0x00000000d6200000,0x00000000d6280000)
 ParOldGen       total 821760K, used 821457K [0x0000000080000000, 0x00000000b2280000, 0x00000000d5580000)
  object space 821760K, 99% used [0x0000000080000000,0x00000000b22346b8,0x00000000b2280000)
 Metaspace       used 97610K, committed 99264K, reserved 1179648K
  class space    used 9653K, committed 10432K, reserved 1048576K
}
Event: 67035.928 GC heap before
{Heap before GC invocations=11266 (full 11):
 PSYoungGen      total 11776K, used 10249K [0x00000000d5580000, 0x00000000d6300000, 0x0000000100000000)
  eden space 11264K, 87% used [0x00000000d5580000,0x00000000d5f2a6e0,0x00000000d6080000)
  from space 512K, 68% used [0x00000000d6280000,0x00000000d62d8000,0x00000000d6300000)
  to   space 512K, 0% used [0x00000000d6200000,0x00000000d6200000,0x00000000d6280000)
 ParOldGen       total 821760K, used 821457K [0x0000000080000000, 0x00000000b2280000, 0x00000000d5580000)
  object space 821760K, 99% used [0x0000000080000000,0x00000000b22346b8,0x00000000b2280000)
 Metaspace       used 97610K, committed 99264K, reserved 1179648K
  class space    used 9653K, committed 10432K, reserved 1048576K
}
Event: 67035.930 GC heap after
{Heap after GC invocations=11266 (full 11):
 PSYoungGen      total 11776K, used 288K [0x00000000d5580000, 0x00000000d6300000, 0x0000000100000000)
  eden space 11264K, 0% used [0x00000000d5580000,0x00000000d5580000,0x00000000d6080000)
  from space 512K, 56% used [0x00000000d6200000,0x00000000d6248000,0x00000000d6280000)
  to   space 512K, 0% used [0x00000000d6280000,0x00000000d6280000,0x00000000d6300000)
 ParOldGen       total 821760K, used 821745K [0x0000000080000000, 0x00000000b2280000, 0x00000000d5580000)
  object space 821760K, 99% used [0x0000000080000000,0x00000000b227c6b8,0x00000000b2280000)
 Metaspace       used 97610K, committed 99264K, reserved 1179648K
  class space    used 9653K, committed 10432K, reserved 1048576K
}
Event: 67035.941 GC heap before
{Heap before GC invocations=11267 (full 11):
 PSYoungGen      total 11776K, used 10811K [0x00000000d5580000, 0x00000000d6300000, 0x0000000100000000)
  eden space 11264K, 93% used [0x00000000d5580000,0x00000000d5fc6e98,0x00000000d6080000)
  from space 512K, 56% used [0x00000000d6200000,0x00000000d6248000,0x00000000d6280000)
  to   space 512K, 0% used [0x00000000d6280000,0x00000000d6280000,0x00000000d6300000)
 ParOldGen       total 821760K, used 821745K [0x0000000080000000, 0x00000000b2280000, 0x00000000d5580000)
  object space 821760K, 99% used [0x0000000080000000,0x00000000b227c6b8,0x00000000b2280000)
 Metaspace       used 97610K, committed 99264K, reserved 1179648K
  class space    used 9653K, committed 10432K, reserved 1048576K
}
Event: 67035.942 GC heap after
{Heap after GC invocations=11267 (full 11):
 PSYoungGen      total 11776K, used 128K [0x00000000d5580000, 0x00000000d6300000, 0x0000000100000000)
  eden space 11264K, 0% used [0x00000000d5580000,0x00000000d5580000,0x00000000d6080000)
  from space 512K, 25% used [0x00000000d6280000,0x00000000d62a0000,0x00000000d6300000)
  to   space 512K, 0% used [0x00000000d6200000,0x00000000d6200000,0x00000000d6280000)
 ParOldGen       total 822272K, used 821953K [0x0000000080000000, 0x00000000b2300000, 0x00000000d5580000)
  object space 822272K, 99% used [0x0000000080000000,0x00000000b22b06b8,0x00000000b2300000)
 Metaspace       used 97610K, committed 99264K, reserved 1179648K
  class space    used 9653K, committed 10432K, reserved 1048576K
}
Event: 67035.952 GC heap before
{Heap before GC invocations=11268 (full 11):
 PSYoungGen      total 11776K, used 11154K [0x00000000d5580000, 0x00000000d6300000, 0x0000000100000000)
  eden space 11264K, 97% used [0x00000000d5580000,0x00000000d6044a58,0x00000000d6080000)
  from space 512K, 25% used [0x00000000d6280000,0x00000000d62a0000,0x00000000d6300000)
  to   space 512K, 0% used [0x00000000d6200000,0x00000000d6200000,0x00000000d6280000)
 ParOldGen       total 822272K, used 821953K [0x0000000080000000, 0x00000000b2300000, 0x00000000d5580000)
  object space 822272K, 99% used [0x0000000080000000,0x00000000b22b06b8,0x00000000b2300000)
 Metaspace       used 97610K, committed 99264K, reserved 1179648K
  class space    used 9653K, committed 10432K, reserved 1048576K
}
Event: 67035.954 GC heap after
{Heap after GC invocations=11268 (full 11):
 PSYoungGen      total 11776K, used 128K [0x00000000d5580000, 0x00000000d6300000, 0x0000000100000000)
  eden space 11264K, 0% used [0x00000000d5580000,0x00000000d5580000,0x00000000d6080000)
  from space 512K, 25% used [0x00000000d6200000,0x00000000d6220000,0x00000000d6280000)
  to   space 512K, 0% used [0x00000000d6280000,0x00000000d6280000,0x00000000d6300000)
 ParOldGen       total 822272K, used 822024K [0x0000000080000000, 0x00000000b2300000, 0x00000000d5580000)
  object space 822272K, 99% used [0x0000000080000000,0x00000000b22c20f8,0x00000000b2300000)
 Metaspace       used 97610K, committed 99264K, reserved 1179648K
  class space    used 9653K, committed 10432K, reserved 1048576K
}
Event: 67035.963 GC heap before
{Heap before GC invocations=11269 (full 11):
 PSYoungGen      total 11776K, used 10343K [0x00000000d5580000, 0x00000000d6300000, 0x0000000100000000)
  eden space 11264K, 90% used [0x00000000d5580000,0x00000000d5f79dd8,0x00000000d6080000)
  from space 512K, 25% used [0x00000000d6200000,0x00000000d6220000,0x00000000d6280000)
  to   space 512K, 0% used [0x00000000d6280000,0x00000000d6280000,0x00000000d6300000)
 ParOldGen       total 822272K, used 822024K [0x0000000080000000, 0x00000000b2300000, 0x00000000d5580000)
  object space 822272K, 99% used [0x0000000080000000,0x00000000b22c20f8,0x00000000b2300000)
 Metaspace       used 97610K, committed 99264K, reserved 1179648K
  class space    used 9653K, committed 10432K, reserved 1048576K
}
Event: 67035.965 GC heap after
{Heap after GC invocations=11269 (full 11):
 PSYoungGen      total 11776K, used 512K [0x00000000d5580000, 0x00000000d6300000, 0x0000000100000000)
  eden space 11264K, 0% used [0x00000000d5580000,0x00000000d5580000,0x00000000d6080000)
  from space 512K, 100% used [0x00000000d6280000,0x00000000d6300000,0x00000000d6300000)
  to   space 1024K, 0% used [0x00000000d6100000,0x00000000d6100000,0x00000000d6200000)
 ParOldGen       total 822272K, used 822088K [0x0000000080000000, 0x00000000b2300000, 0x00000000d5580000)
  object space 822272K, 99% used [0x0000000080000000,0x00000000b22d20f8,0x00000000b2300000)
 Metaspace       used 97610K, committed 99264K, reserved 1179648K
  class space    used 9653K, committed 10432K, reserved 1048576K
}
Event: 67035.975 GC heap before
{Heap before GC invocations=11270 (full 11):
 PSYoungGen      total 11776K, used 11335K [0x00000000d5580000, 0x00000000d6300000, 0x0000000100000000)
  eden space 11264K, 96% used [0x00000000d5580000,0x00000000d6011c40,0x00000000d6080000)
  from space 512K, 100% used [0x00000000d6280000,0x00000000d6300000,0x00000000d6300000)
  to   space 1024K, 0% used [0x00000000d6100000,0x00000000d6100000,0x00000000d6200000)
 ParOldGen       total 822272K, used 822088K [0x0000000080000000, 0x00000000b2300000, 0x00000000d5580000)
  object space 822272K, 99% used [0x0000000080000000,0x00000000b22d20f8,0x00000000b2300000)
 Metaspace       used 97610K, committed 99264K, reserved 1179648K
  class space    used 9653K, committed 10432K, reserved 1048576K
}
Event: 67035.977 GC heap after
{Heap after GC invocations=11270 (full 11):
 PSYoungGen      total 12288K, used 128K [0x00000000d5580000, 0x00000000d6300000, 0x0000000100000000)
  eden space 11264K, 0% used [0x00000000d5580000,0x00000000d5580000,0x00000000d6080000)
  from space 1024K, 12% used [0x00000000d6100000,0x00000000d6120000,0x00000000d6200000)
  to   space 512K, 0% used [0x00000000d6280000,0x00000000d6280000,0x00000000d6300000)
 ParOldGen       total 822784K, used 822573K [0x0000000080000000, 0x00000000b2380000, 0x00000000d5580000)
  object space 822784K, 99% used [0x0000000080000000,0x00000000b234b578,0x00000000b2380000)
 Metaspace       used 97610K, committed 99264K, reserved 1179648K
  class space    used 9653K, committed 10432K, reserved 1048576K
}
Event: 68751.834 GC heap before
{Heap before GC invocations=11271 (full 11):
 PSYoungGen      total 12288K, used 11392K [0x00000000d5580000, 0x00000000d6300000, 0x0000000100000000)
  eden space 11264K, 100% used [0x00000000d5580000,0x00000000d6080000,0x00000000d6080000)
  from space 1024K, 12% used [0x00000000d6100000,0x00000000d6120000,0x00000000d6200000)
  to   space 512K, 0% used [0x00000000d6280000,0x00000000d6280000,0x00000000d6300000)
 ParOldGen       total 822784K, used 822573K [0x0000000080000000, 0x00000000b2380000, 0x00000000d5580000)
  object space 822784K, 99% used [0x0000000080000000,0x00000000b234b578,0x00000000b2380000)
 Metaspace       used 97612K, committed 99264K, reserved 1179648K
  class space    used 9653K, committed 10432K, reserved 1048576K
}
Event: 68752.110 GC heap after
{Heap after GC invocations=11271 (full 11):
 PSYoungGen      total 11776K, used 512K [0x00000000d5580000, 0x00000000d6300000, 0x0000000100000000)
  eden space 11264K, 0% used [0x00000000d5580000,0x00000000d5580000,0x00000000d6080000)
  from space 512K, 100% used [0x00000000d6280000,0x00000000d6300000,0x00000000d6300000)
  to   space 1024K, 0% used [0x00000000d6100000,0x00000000d6100000,0x00000000d6200000)
 ParOldGen       total 822784K, used 822629K [0x0000000080000000, 0x00000000b2380000, 0x00000000d5580000)
  object space 822784K, 99% used [0x0000000080000000,0x00000000b2359578,0x00000000b2380000)
 Metaspace       used 97612K, committed 99264K, reserved 1179648K
  class space    used 9653K, committed 10432K, reserved 1048576K
}
Event: 149010.968 GC heap before
{Heap before GC invocations=11272 (full 11):
 PSYoungGen      total 11776K, used 11776K [0x00000000d5580000, 0x00000000d6300000, 0x0000000100000000)
  eden space 11264K, 100% used [0x00000000d5580000,0x00000000d6080000,0x00000000d6080000)
  from space 512K, 100% used [0x00000000d6280000,0x00000000d6300000,0x00000000d6300000)
  to   space 1024K, 0% used [0x00000000d6100000,0x00000000d6100000,0x00000000d6200000)
 ParOldGen       total 822784K, used 822629K [0x0000000080000000, 0x00000000b2380000, 0x00000000d5580000)
  object space 822784K, 99% used [0x0000000080000000,0x00000000b2359578,0x00000000b2380000)
 Metaspace       used 97612K, committed 99264K, reserved 1179648K
  class space    used 9653K, committed 10432K, reserved 1048576K
}
Event: 149011.199 GC heap after
{Heap after GC invocations=11272 (full 11):
 PSYoungGen      total 12288K, used 128K [0x00000000d5580000, 0x00000000d6300000, 0x0000000100000000)
  eden space 11264K, 0% used [0x00000000d5580000,0x00000000d5580000,0x00000000d6080000)
  from space 1024K, 12% used [0x00000000d6100000,0x00000000d6120000,0x00000000d6200000)
  to   space 512K, 0% used [0x00000000d6280000,0x00000000d6280000,0x00000000d6300000)
 ParOldGen       total 823296K, used 823090K [0x0000000080000000, 0x00000000b2400000, 0x00000000d5580000)
  object space 823296K, 99% used [0x0000000080000000,0x00000000b23cc948,0x00000000b2400000)
 Metaspace       used 97612K, committed 99264K, reserved 1179648K
  class space    used 9653K, committed 10432K, reserved 1048576K
}
Event: 149011.251 GC heap before
{Heap before GC invocations=11273 (full 11):
 PSYoungGen      total 12288K, used 11392K [0x00000000d5580000, 0x00000000d6300000, 0x0000000100000000)
  eden space 11264K, 100% used [0x00000000d5580000,0x00000000d6080000,0x00000000d6080000)
  from space 1024K, 12% used [0x00000000d6100000,0x00000000d6120000,0x00000000d6200000)
  to   space 512K, 0% used [0x00000000d6280000,0x00000000d6280000,0x00000000d6300000)
 ParOldGen       total 823296K, used 823090K [0x0000000080000000, 0x00000000b2400000, 0x00000000d5580000)
  object space 823296K, 99% used [0x0000000080000000,0x00000000b23cc948,0x00000000b2400000)
 Metaspace       used 97612K, committed 99264K, reserved 1179648K
  class space    used 9653K, committed 10432K, reserved 1048576K
}
Event: 149011.253 GC heap after
{Heap after GC invocations=11273 (full 11):
 PSYoungGen      total 11776K, used 32K [0x00000000d5580000, 0x00000000d6300000, 0x0000000100000000)
  eden space 11264K, 0% used [0x00000000d5580000,0x00000000d5580000,0x00000000d6080000)
  from space 512K, 6% used [0x00000000d6280000,0x00000000d6288000,0x00000000d6300000)
  to   space 512K, 0% used [0x00000000d6200000,0x00000000d6200000,0x00000000d6280000)
 ParOldGen       total 823296K, used 823122K [0x0000000080000000, 0x00000000b2400000, 0x00000000d5580000)
  object space 823296K, 99% used [0x0000000080000000,0x00000000b23d4948,0x00000000b2400000)
 Metaspace       used 97612K, committed 99264K, reserved 1179648K
  class space    used 9653K, committed 10432K, reserved 1048576K
}
Event: 150908.223 GC heap before
{Heap before GC invocations=11274 (full 11):
 PSYoungGen      total 11776K, used 11296K [0x00000000d5580000, 0x00000000d6300000, 0x0000000100000000)
  eden space 11264K, 100% used [0x00000000d5580000,0x00000000d6080000,0x00000000d6080000)
  from space 512K, 6% used [0x00000000d6280000,0x00000000d6288000,0x00000000d6300000)
  to   space 512K, 0% used [0x00000000d6200000,0x00000000d6200000,0x00000000d6280000)
 ParOldGen       total 823296K, used 823122K [0x0000000080000000, 0x00000000b2400000, 0x00000000d5580000)
  object space 823296K, 99% used [0x0000000080000000,0x00000000b23d4948,0x00000000b2400000)
 Metaspace       used 97612K, committed 99264K, reserved 1179648K
  class space    used 9653K, committed 10432K, reserved 1048576K
}
Event: 150908.498 GC heap after
{Heap after GC invocations=11274 (full 11):
 PSYoungGen      total 11776K, used 128K [0x00000000d5580000, 0x00000000d6300000, 0x0000000100000000)
  eden space 11264K, 0% used [0x00000000d5580000,0x00000000d5580000,0x00000000d6080000)
  from space 512K, 25% used [0x00000000d6200000,0x00000000d6220000,0x00000000d6280000)
  to   space 512K, 0% used [0x00000000d6280000,0x00000000d6280000,0x00000000d6300000)
 ParOldGen       total 823296K, used 823122K [0x0000000080000000, 0x00000000b2400000, 0x00000000d5580000)
  object space 823296K, 99% used [0x0000000080000000,0x00000000b23d4948,0x00000000b2400000)
 Metaspace       used 97612K, committed 99264K, reserved 1179648K
  class space    used 9653K, committed 10432K, reserved 1048576K
}

